<?xml version="1.0" encoding="UTF-8"?>
<testng-results ignored="0" total="1" passed="1" failed="0" skipped="0">
  <reporter-output>
    <line>
      <![CDATA[Launching browser..]]>
    </line>
    <line>
      <![CDATA[Waiting...]]>
    </line>
    <line>
      <![CDATA[clicking on gender button...]]>
    </line>
    <line>
      <![CDATA[clicking on next button..]]>
    </line>
    <line>
      <![CDATA[handling age dropdown..]]>
    </line>
    <line>
      <![CDATA[clicking on next button...]]>
    </line>
    <line>
      <![CDATA[entering pincode..]]>
    </line>
    <line>
      <![CDATA[entering mobile number..]]>
    </line>
    <line>
      <![CDATA[clicking on continue button..]]>
    </line>
    <line>
      <![CDATA[getting policy count from text displayed...]]>
    </line>
    <line>
      <![CDATA[getting policy count from banners displayed..]]>
    </line>
    <line>
      <![CDATA[TCvalidatePolicyCountpassed]]>
    </line>
    <line>
      <![CDATA[Closing Browser..]]>
    </line>
  </reporter-output>
  <suite started-at="2024-10-15T19:26:27 IST" name="Suite" finished-at="2024-10-15T19:26:55 IST" duration-ms="28587">
    <groups>
    </groups>
    <test started-at="2024-10-15T19:26:27 IST" name="Test" finished-at="2024-10-15T19:26:55 IST" duration-ms="28587">
      <class name="coverFoxTestClass.TC1234_CoverFox_ValidateBannerCount">
        <test-method is-config="true" signature="OpenApplication()[pri:0, instance:coverFoxTestClass.TC1234_CoverFox_ValidateBannerCount@25ce9dc4]" started-at="2024-10-15T19:26:27 IST" name="OpenApplication" finished-at="2024-10-15T19:26:36 IST" duration-ms="9289" status="PASS">
          <reporter-output>
            <line>
              <![CDATA[Launching browser..]]>
            </line>
            <line>
              <![CDATA[Waiting...]]>
            </line>
          </reporter-output>
        </test-method> <!-- OpenApplication -->
        <test-method is-config="true" signature="enterDetails()[pri:0, instance:coverFoxTestClass.TC1234_CoverFox_ValidateBannerCount@25ce9dc4]" started-at="2024-10-15T19:26:36 IST" name="enterDetails" finished-at="2024-10-15T19:26:54 IST" duration-ms="17353" status="PASS">
          <reporter-output>
            <line>
              <![CDATA[clicking on gender button...]]>
            </line>
            <line>
              <![CDATA[clicking on next button..]]>
            </line>
            <line>
              <![CDATA[handling age dropdown..]]>
            </line>
            <line>
              <![CDATA[clicking on next button...]]>
            </line>
            <line>
              <![CDATA[entering pincode..]]>
            </line>
            <line>
              <![CDATA[entering mobile number..]]>
            </line>
            <line>
              <![CDATA[clicking on continue button..]]>
            </line>
          </reporter-output>
        </test-method> <!-- enterDetails -->
        <test-method signature="validatePolicyCount()[pri:0, instance:coverFoxTestClass.TC1234_CoverFox_ValidateBannerCount@25ce9dc4]" started-at="2024-10-15T19:26:54 IST" name="validatePolicyCount" finished-at="2024-10-15T19:26:54 IST" duration-ms="121" status="PASS">
          <reporter-output>
            <line>
              <![CDATA[getting policy count from text displayed...]]>
            </line>
            <line>
              <![CDATA[getting policy count from banners displayed..]]>
            </line>
            <line>
              <![CDATA[TCvalidatePolicyCountpassed]]>
            </line>
          </reporter-output>
        </test-method> <!-- validatePolicyCount -->
        <test-method is-config="true" signature="closeApplication()[pri:0, instance:coverFoxTestClass.TC1234_CoverFox_ValidateBannerCount@25ce9dc4]" started-at="2024-10-15T19:26:54 IST" name="closeApplication" finished-at="2024-10-15T19:26:55 IST" duration-ms="1639" status="PASS">
          <reporter-output>
            <line>
              <![CDATA[Closing Browser..]]>
            </line>
          </reporter-output>
        </test-method> <!-- closeApplication -->
      </class> <!-- coverFoxTestClass.TC1234_CoverFox_ValidateBannerCount -->
    </test> <!-- Test -->
  </suite> <!-- Suite -->
</testng-results>
